<?xml version="1.0" encoding="UTF-8"?>
<!-- Generated by org.testng.reporters.JUnitReportReporter -->
<testsuite hostname="MacBookPro.attlocal.net" failures="0" tests="2" name="testCases.TC001_AccountRegistrationTest" time="6.299" errors="0" timestamp="2025-08-13T13:06:05 CDT" skipped="0">
  <testcase classname="testCases.TC001_AccountRegistrationTest" name="verify_account_registration" time="3.150"/>
  <testcase classname="testCases.TC001_AccountRegistrationTest" name="verify_account_registration" time="3.149"/>
</testsuite> <!-- testCases.TC001_AccountRegistrationTest -->
