<?xml version="1.0" encoding="UTF-8"?>
<!-- Generated by org.testng.reporters.JUnitReportReporter -->
<testsuite hostname="MacBookPro.attlocal.net" failures="0" tests="2" name="testCases.TC002_LoginTest" time="4.532" errors="0" timestamp="2025-08-13T13:06:05 CDT" skipped="0">
  <testcase classname="testCases.TC002_LoginTest" name="verify_login" time="1.905"/>
  <testcase classname="testCases.TC002_LoginTest" name="verify_login" time="2.627"/>
</testsuite> <!-- testCases.TC002_LoginTest -->
